[    0.000000] Initializing cgroup subsys cpuset
[    0.000000] Initializing cgroup subsys cpu
[    0.000000] Initializing cgroup subsys cpuacct
[    0.000000] Linux version 4.4.0-170-generic (buildd@lcy01-amd64-019) (gcc version 5.4.0 20160609 (Ubuntu 5.4.0-6ubuntu1~16.04.12) ) #199-Ubuntu SMP Thu Nov 14 01:45:04 UTC 2019 (Ubuntu 4.4.0-170.199-generic 4.4.200)
[    0.000000] Command line: BOOT_IMAGE=/boot/vmlinuz-4.4.0-170-generic root=LABEL=cloudimg-rootfs ro console=tty1 console=ttyS0
[    0.000000] KERNEL supported cpus:
[    0.000000]   Intel GenuineIntel
[    0.000000]   AMD AuthenticAMD
[    0.000000]   Centaur CentaurHauls
[    0.000000] x86/fpu: xstate_offset[2]:  576, xstate_sizes[2]:  256
[    0.000000] x86/fpu: Supporting XSAVE feature 0x01: 'x87 floating point registers'
[    0.000000] x86/fpu: Supporting XSAVE feature 0x02: 'SSE registers'
[    0.000000] x86/fpu: Supporting XSAVE feature 0x04: 'AVX registers'
[    0.000000] x86/fpu: Enabled xstate features 0x7, context size is 832 bytes, using 'standard' format.
[    0.000000] e820: BIOS-provided physical RAM map:
[    0.000000] BIOS-e820: [mem 0x0000000000000000-0x000000000009fbff] usable
[    0.000000] BIOS-e820: [mem 0x000000000009fc00-0x000000000009ffff] reserved
[    0.000000] BIOS-e820: [mem 0x00000000000f0000-0x00000000000fffff] reserved
[    0.000000] BIOS-e820: [mem 0x0000000000100000-0x000000003ffeffff] usable
[    0.000000] BIOS-e820: [mem 0x000000003fff0000-0x000000003fffffff] ACPI data
[    0.000000] BIOS-e820: [mem 0x00000000fec00000-0x00000000fec00fff] reserved
[    0.000000] BIOS-e820: [mem 0x00000000fee00000-0x00000000fee00fff] reserved
[    0.000000] BIOS-e820: [mem 0x00000000fffc0000-0x00000000ffffffff] reserved
[    0.000000] NX (Execute Disable) protection: active
[    0.000000] SMBIOS 2.5 present.
[    0.000000] Hypervisor detected: KVM
[    0.000000] e820: last_pfn = 0x3fff0 max_arch_pfn = 0x400000000
[    0.000000] MTRR: Disabled
[    0.000000] x86/PAT: MTRRs disabled, skipping PAT initialization too.
[    0.000000] CPU MTRRs all blank - virtualized system.
[    0.000000] x86/PAT: Configuration [0-7]: WB  WT  UC- UC  WB  WT  UC- UC  
[    0.000000] found SMP MP-table at [mem 0x0009fff0-0x0009ffff] mapped at [ffff88000009fff0]
[    0.000000] Scanning 1 areas for low memory corruption
[    0.000000] RAMDISK: [mem 0x362f8000-0x37173fff]
[    0.000000] ACPI: Early table checksum verification disabled
[    0.000000] ACPI: RSDP 0x00000000000E0000 000024 (v02 VBOX  )
[    0.000000] ACPI: XSDT 0x000000003FFF0030 00003C (v01 VBOX   VBOXXSDT 00000001 ASL  00000061)
[    0.000000] ACPI: FACP 0x000000003FFF00F0 0000F4 (v04 VBOX   VBOXFACP 00000001 ASL  00000061)
[    0.000000] ACPI: DSDT 0x000000003FFF0470 002325 (v02 VBOX   VBOXBIOS 00000002 INTL 20120111)
[    0.000000] ACPI: FACS 0x000000003FFF0200 000040
[    0.000000] ACPI: FACS 0x000000003FFF0200 000040
[    0.000000] ACPI: APIC 0x000000003FFF0240 00005C (v02 VBOX   VBOXAPIC 00000001 ASL  00000061)
[    0.000000] ACPI: SSDT 0x000000003FFF02A0 0001CC (v01 VBOX   VBOXCPUT 00000002 INTL 20120111)
[    0.000000] No NUMA configuration found
[    0.000000] Faking a node at [mem 0x0000000000000000-0x000000003ffeffff]
[    0.000000] NODE_DATA(0) allocated [mem 0x3ffeb000-0x3ffeffff]
[    0.000000] kvm-clock: Using msrs 4b564d01 and 4b564d00
[    0.000000] kvm-clock: cpu 0, msr 0:3ffe3001, primary cpu clock
[    0.000000] kvm-clock: using sched offset of 3564051055 cycles
[    0.000000] clocksource: kvm-clock: mask: 0xffffffffffffffff max_cycles: 0x1cd42e4dffb, max_idle_ns: 881590591483 ns
[    0.000000] Zone ranges:
[    0.000000]   DMA      [mem 0x0000000000001000-0x0000000000ffffff]
[    0.000000]   DMA32    [mem 0x0000000001000000-0x000000003ffeffff]
[    0.000000]   Normal   empty
[    0.000000]   Device   empty
[    0.000000] Movable zone start for each node
[    0.000000] Early memory node ranges
[    0.000000]   node   0: [mem 0x0000000000001000-0x000000000009efff]
[    0.000000]   node   0: [mem 0x0000000000100000-0x000000003ffeffff]
[    0.000000] Initmem setup node 0 [mem 0x0000000000001000-0x000000003ffeffff]
[    0.000000] ACPI: PM-Timer IO Port: 0x4008
[    0.000000] IOAPIC[0]: apic_id 2, version 32, address 0xfec00000, GSI 0-23
[    0.000000] ACPI: INT_SRC_OVR (bus 0 bus_irq 0 global_irq 2 dfl dfl)
[    0.000000] ACPI: INT_SRC_OVR (bus 0 bus_irq 9 global_irq 9 low level)
[    0.000000] Using ACPI (MADT) for SMP configuration information
[    0.000000] smpboot: Allowing 2 CPUs, 0 hotplug CPUs
[    0.000000] PM: Registered nosave memory: [mem 0x00000000-0x00000fff]
[    0.000000] PM: Registered nosave memory: [mem 0x0009f000-0x0009ffff]
[    0.000000] PM: Registered nosave memory: [mem 0x000a0000-0x000effff]
[    0.000000] PM: Registered nosave memory: [mem 0x000f0000-0x000fffff]
[    0.000000] e820: [mem 0x40000000-0xfebfffff] available for PCI devices
[    0.000000] Booting paravirtualized kernel on KVM
[    0.000000] clocksource: refined-jiffies: mask: 0xffffffff max_cycles: 0xffffffff, max_idle_ns: 7645519600211568 ns
[    0.000000] setup_percpu: NR_CPUS:512 nr_cpumask_bits:512 nr_cpu_ids:2 nr_node_ids:1
[    0.000000] PERCPU: Embedded 33 pages/cpu @ffff88003fc00000 s95448 r8192 d31528 u1048576
[    0.000000] Built 1 zonelists in Node order, mobility grouping on.  Total pages: 257912
[    0.000000] Policy zone: DMA32
[    0.000000] Kernel command line: BOOT_IMAGE=/boot/vmlinuz-4.4.0-170-generic root=LABEL=cloudimg-rootfs ro console=tty1 console=ttyS0
[    0.000000] PID hash table entries: 4096 (order: 3, 32768 bytes)
[    0.000000] Memory: 997724K/1048120K available (8626K kernel code, 1336K rwdata, 4036K rodata, 1488K init, 1288K bss, 50396K reserved, 0K cma-reserved)
[    0.000000] SLUB: HWalign=64, Order=0-3, MinObjects=0, CPUs=2, Nodes=1
[    0.000000] Kernel/User page tables isolation: enabled
[    0.000000] Hierarchical RCU implementation.
[    0.000000] 	Build-time adjustment of leaf fanout to 64.
[    0.000000] 	RCU restricting CPUs from NR_CPUS=512 to nr_cpu_ids=2.
[    0.000000] RCU: Adjusting geometry for rcu_fanout_leaf=64, nr_cpu_ids=2
[    0.000000] NR_IRQS:33024 nr_irqs:440 16
[    0.000000] Console: colour VGA+ 80x25
[    0.000000] console [tty1] enabled
[    0.000000] console [ttyS0] enabled
[    0.000000] tsc: Detected 2592.000 MHz processor
[    0.126629] Calibrating delay loop (skipped) preset value.. 5184.00 BogoMIPS (lpj=10368000)
[    0.128178] pid_max: default: 32768 minimum: 301
[    0.129008] ACPI: Core revision 20150930
[    0.130373] ACPI: 2 ACPI AML tables successfully acquired and loaded
[    0.131904] Security Framework initialized
[    0.132653] Yama: becoming mindful.
[    0.133324] AppArmor: AppArmor initialized
[    0.134124] Dentry cache hash table entries: 131072 (order: 8, 1048576 bytes)
[    0.136508] Inode-cache hash table entries: 65536 (order: 7, 524288 bytes)
[    0.137701] Mount-cache hash table entries: 2048 (order: 2, 16384 bytes)
[    0.139175] Mountpoint-cache hash table entries: 2048 (order: 2, 16384 bytes)
[    0.140447] Initializing cgroup subsys io
[    0.141194] Initializing cgroup subsys memory
[    0.141985] Initializing cgroup subsys devices
[    0.142809] Initializing cgroup subsys freezer
[    0.143658] Initializing cgroup subsys net_cls
[    0.144684] Initializing cgroup subsys perf_event
[    0.145518] Initializing cgroup subsys net_prio
[    0.146329] Initializing cgroup subsys hugetlb
[    0.147161] Initializing cgroup subsys pids
[    0.158788] mce: CPU supports 0 MCE banks
[    0.159914] Last level iTLB entries: 4KB 64, 2MB 8, 4MB 8
[    0.160861] Last level dTLB entries: 4KB 64, 2MB 0, 4MB 0, 1GB 4
[    0.161887] Spectre V1 : Mitigation: usercopy/swapgs barriers and __user pointer sanitization
[    0.163447] Spectre V2 : Mitigation: Full generic retpoline
[    0.164414] Spectre V2 : Spectre v2 / SpectreRSB mitigation: Filling RSB on context switch
[    0.165894] Speculative Store Bypass: Vulnerable
[    0.166851] MDS: Mitigation: Clear CPU buffers
[    0.169704] Freeing SMP alternatives memory: 36K
[    0.175674] ftrace: allocating 32302 entries in 127 pages
[    0.222042] smpboot: APIC(0) Converting physical 0 to logical package 0
[    0.223608] smpboot: Max logical packages: 1
[    0.224948] x2apic enabled
[    0.225740] Switched APIC routing to physical x2apic.
[    0.227434] ..TIMER: vector=0x30 apic1=0 pin1=2 apic2=-1 pin2=-1
[    0.336823] smpboot: CPU0: Intel(R) Core(TM) i7-9750H CPU @ 2.60GHz (family: 0x6, model: 0x9e, stepping: 0xa)
[    0.339361] Performance Events: unsupported p6 CPU model 158 no PMU driver, software events only.
[    0.349177] KVM setup paravirtual spinlock
[    0.351063] x86: Booting SMP configuration:
[    0.352234] .... node  #0, CPUs:      #1
[    0.353099] kvm-clock: cpu 1, msr 0:3ffe3041, secondary cpu clock
[    0.364522] mce: CPU supports 0 MCE banks
[    0.367491] x86: Booted up 1 node, 2 CPUs
[    0.368363] smpboot: Total of 2 processors activated (10368.00 BogoMIPS)
[    0.370160] devtmpfs: initialized
[    0.372378] evm: security.selinux
[    0.373271] evm: security.SMACK64
[    0.373957] evm: security.SMACK64EXEC
[    0.374636] evm: security.SMACK64TRANSMUTE
[    0.375457] evm: security.SMACK64MMAP
[    0.376372] evm: security.ima
[    0.376953] evm: security.capability
[    0.377766] clocksource: jiffies: mask: 0xffffffff max_cycles: 0xffffffff, max_idle_ns: 7645041785100000 ns
[    0.379432] futex hash table entries: 512 (order: 3, 32768 bytes)
[    0.380558] pinctrl core: initialized pinctrl subsystem
[    0.381612] RTC time: 14:21:22, date: 03/15/21
[    0.382657] NET: Registered protocol family 16
[    0.393430] cpuidle: using governor ladder
[    0.406177] cpuidle: using governor menu
[    0.407587] PCCT header not found.
[    0.408834] ACPI: bus type PCI registered
[    0.409777] acpiphp: ACPI Hot Plug PCI Controller Driver version: 0.5
[    0.411429] PCI: Using configuration type 1 for base access
[    0.425914] ACPI: Added _OSI(Module Device)
[    0.426728] ACPI: Added _OSI(Processor Device)
[    0.427571] ACPI: Added _OSI(3.0 _SCP Extensions)
[    0.428417] ACPI: Added _OSI(Processor Aggregator Device)
[    0.430063] ACPI: Executed 1 blocks of module-level executable AML code
[    0.432817] ACPI: Interpreter enabled
[    0.433803] ACPI: (supports S0 S5)
[    0.434587] ACPI: Using IOAPIC for interrupt routing
[    0.435571] PCI: Using host bridge windows from ACPI; if necessary, use "pci=nocrs" and report a bug
[    0.440410] ACPI: PCI Root Bridge [PCI0] (domain 0000 [bus 00-ff])
[    0.441475] acpi PNP0A03:00: _OSC: OS supports [ASPM ClockPM Segments MSI]
[    0.443191] acpi PNP0A03:00: _OSC: not requesting OS control; OS requires [ExtendedConfig ASPM ClockPM MSI]
[    0.445497] acpi PNP0A03:00: fail to add MMCONFIG information, can't access extended PCI configuration space under this bridge.
[    0.447860] PCI host bridge to bus 0000:00
[    0.448605] pci_bus 0000:00: root bus resource [io  0x0000-0x0cf7 window]
[    0.449839] pci_bus 0000:00: root bus resource [io  0x0d00-0xffff window]
[    0.451163] pci_bus 0000:00: root bus resource [mem 0x000a0000-0x000bffff window]
[    0.452816] pci_bus 0000:00: root bus resource [mem 0x40000000-0xfdffffff window]
[    0.454478] pci_bus 0000:00: root bus resource [bus 00-ff]
[    0.457391] pci 0000:00:01.1: legacy IDE quirk: reg 0x10: [io  0x01f0-0x01f7]
[    0.458570] pci 0000:00:01.1: legacy IDE quirk: reg 0x14: [io  0x03f6]
[    0.460351] pci 0000:00:01.1: legacy IDE quirk: reg 0x18: [io  0x0170-0x0177]
[    0.461569] pci 0000:00:01.1: legacy IDE quirk: reg 0x1c: [io  0x0376]
[    0.478682] pci 0000:00:07.0: quirk: [io  0x4000-0x403f] claimed by PIIX4 ACPI
[    0.480454] pci 0000:00:07.0: quirk: [io  0x4100-0x410f] claimed by PIIX4 SMB
[    0.487931] ACPI: PCI Interrupt Link [LNKA] (IRQs 5 9 10 *11)
[    0.489720] ACPI: PCI Interrupt Link [LNKB] (IRQs 5 9 *10 11)
[    0.491127] ACPI: PCI Interrupt Link [LNKC] (IRQs 5 *9 10 11)
[    0.492515] ACPI: PCI Interrupt Link [LNKD] (IRQs 5 9 10 *11)
[    0.493889] ACPI: Enabled 2 GPEs in block 00 to 07
[    0.495006] vgaarb: setting as boot device: PCI:0000:00:02.0
[    0.496266] vgaarb: device added: PCI:0000:00:02.0,decodes=io+mem,owns=io+mem,locks=none
[    0.497755] vgaarb: loaded
[    0.498302] vgaarb: bridge control possible 0000:00:02.0
[    0.499380] SCSI subsystem initialized
[    0.500199] ACPI: bus type USB registered
[    0.500940] usbcore: registered new interface driver usbfs
[    0.501902] usbcore: registered new interface driver hub
[    0.502825] usbcore: registered new device driver usb
[    0.503946] PCI: Using ACPI for IRQ routing
[    0.506286] NetLabel: Initializing
[    0.507160] NetLabel:  domain hash size = 128
[    0.508335] NetLabel:  protocols = UNLABELED CIPSOv4
[    0.509673] NetLabel:  unlabeled traffic allowed by default
[    0.510748] amd_nb: Cannot enumerate AMD northbridges
[    0.511767] clocksource: Switched to clocksource kvm-clock
[    0.518065] AppArmor: AppArmor Filesystem Enabled
[    0.519345] pnp: PnP ACPI init
[    0.521027] pnp: PnP ACPI: found 3 devices
[    0.529721] clocksource: acpi_pm: mask: 0xffffff max_cycles: 0xffffff, max_idle_ns: 2085701024 ns
[    0.531821] NET: Registered protocol family 2
[    0.532750] TCP established hash table entries: 8192 (order: 4, 65536 bytes)
[    0.534166] TCP bind hash table entries: 8192 (order: 5, 131072 bytes)
[    0.535453] TCP: Hash tables configured (established 8192 bind 8192)
[    0.536807] UDP hash table entries: 512 (order: 2, 16384 bytes)
[    0.537829] UDP-Lite hash table entries: 512 (order: 2, 16384 bytes)
[    0.538931] NET: Registered protocol family 1
[    0.539736] pci 0000:00:00.0: Limiting direct PCI/PCI transfers
[    0.540809] pci 0000:00:01.0: Activating ISA DMA hang workarounds
[    0.542163] Unpacking initramfs...
[    0.714652] Freeing initrd memory: 14832K
[    0.716029] clocksource: tsc: mask: 0xffffffffffffffff max_cycles: 0x255cb6cc5db, max_idle_ns: 440795203504 ns
[    0.718374] platform rtc_cmos: registered platform RTC device (no PNP device found)
[    0.719921] Scanning for low memory corruption every 60 seconds
[    0.721651] audit: initializing netlink subsys (disabled)
[    0.722606] audit: type=2000 audit(1615818088.714:1): initialized
[    0.723897] Initialise system trusted keyring
[    0.724868] HugeTLB registered 2 MB page size, pre-allocated 0 pages
[    0.727257] zbud: loaded
[    0.728413] VFS: Disk quotas dquot_6.6.0
[    0.729158] VFS: Dquot-cache hash table entries: 512 (order 0, 4096 bytes)
[    0.730449] squashfs: version 4.0 (2009/01/31) Phillip Lougher
[    0.731700] fuse init (API version 7.23)
[    0.732652] Key type big_key registered
[    0.733392] Allocating IMA MOK and blacklist keyrings.
[    0.735703] Key type asymmetric registered
[    0.736942] Asymmetric key parser 'x509' registered
[    0.738088] Block layer SCSI generic (bsg) driver version 0.4 loaded (major 249)
[    0.739470] io scheduler noop registered
[    0.740218] io scheduler deadline registered (default)
[    0.741203] io scheduler cfq registered
[    0.742040] pci_hotplug: PCI Hot Plug PCI Core version: 0.5
[    0.743470] pciehp: PCI Express Hot Plug Controller Driver version: 0.4
[    0.745690] ACPI: AC Adapter [AC] (off-line)
[    0.746505] input: Power Button as /devices/LNXSYSTM:00/LNXPWRBN:00/input/input0
[    0.747846] ACPI: Power Button [PWRF]
[    0.748860] input: Sleep Button as /devices/LNXSYSTM:00/LNXSLPBN:00/input/input1
[    0.750280] ACPI: Sleep Button [SLPF]
[    0.751214] GHES: HEST is not enabled!
[    0.752302] ACPI: Battery Slot [BAT0] (battery present)
[    0.753368] Serial: 8250/16550 driver, 32 ports, IRQ sharing enabled
[    0.775278] 00:02: ttyS0 at I/O 0x3f8 (irq = 4, base_baud = 115200) is a 16550A
[    0.779020] Linux agpgart interface v0.103
[    0.781030] loop: module loaded
[    0.782043] scsi host0: ata_piix
[    0.782751] scsi host1: ata_piix
[    0.783392] ata1: PATA max UDMA/33 cmd 0x1f0 ctl 0x3f6 bmdma 0xd000 irq 14
[    0.785110] ata2: PATA max UDMA/33 cmd 0x170 ctl 0x376 bmdma 0xd008 irq 15
[    0.786768] libphy: Fixed MDIO Bus: probed
[    0.787597] tun: Universal TUN/TAP device driver, 1.6
[    0.788507] tun: (C) 1999-2004 Max Krasnyansky <maxk@qualcomm.com>
[    0.789593] PPP generic driver version 2.4.2
[    0.790758] ehci_hcd: USB 2.0 'Enhanced' Host Controller (EHCI) Driver
[    0.791927] ehci-pci: EHCI PCI platform driver
[    0.792732] ehci-platform: EHCI generic platform driver
[    0.793631] ohci_hcd: USB 1.1 'Open' Host Controller (OHCI) Driver
[    0.794705] ohci-pci: OHCI PCI platform driver
[    0.795495] ohci-platform: OHCI generic platform driver
[    0.796792] uhci_hcd: USB Universal Host Controller Interface driver
[    0.797927] i8042: PNP: PS/2 Controller [PNP0303:PS2K,PNP0f03:PS2M] at 0x60,0x64 irq 1,12
[    0.799752] serio: i8042 KBD port at 0x60,0x64 irq 1
[    0.800648] serio: i8042 AUX port at 0x60,0x64 irq 12
[    0.801722] mousedev: PS/2 mouse device common for all mice
[    0.803002] input: AT Translated Set 2 keyboard as /devices/platform/i8042/serio0/input/input2
[    0.805116] rtc_cmos rtc_cmos: rtc core: registered rtc_cmos as rtc0
[    0.806220] rtc_cmos rtc_cmos: alarms up to one day, 114 bytes nvram
[    0.807281] i2c /dev entries driver
[    0.807968] device-mapper: uevent: version 1.0.3
[    0.808922] device-mapper: ioctl: 4.34.0-ioctl (2015-10-28) initialised: dm-devel@redhat.com
[    0.810431] ledtrig-cpu: registered to indicate activity on CPUs
[    0.811925] NET: Registered protocol family 10
[    0.812917] NET: Registered protocol family 17
[    0.813728] Key type dns_resolver registered
[    0.814990] registered taskstats version 1
[    0.815758] Loading compiled-in X.509 certificates
[    0.817302] Loaded X.509 cert 'Build time autogenerated kernel key: f0e56e97f406068ace47a9bf54316e9855aaaa43'
[    0.819012] zswap: loaded using pool lzo/zbud
[    0.821349] Key type trusted registered
[    0.824705] Key type encrypted registered
[    0.825439] AppArmor: AppArmor sha1 policy hashing enabled
[    0.826376] ima: No TPM chip found, activating TPM-bypass!
[    0.827314] ima: Allocated hash algorithm: sha1
[    0.828709] evm: HMAC attrs: 0x1
[    0.829714]   Magic number: 13:415:384
[    0.830470] rtc_cmos rtc_cmos: setting system clock to 2021-03-15 14:21:23 UTC (1615818083)
[    0.832032] BIOS EDD facility v0.16 2004-Jun-25, 0 devices found
[    0.833053] EDD information not available.
[    0.963286] Freeing unused kernel memory: 1488K
[    0.964509] Write protecting the kernel read-only data: 14336k
[    0.965979] Freeing unused kernel memory: 1604K
[    0.966952] Freeing unused kernel memory: 60K
Loading, please wait...
starting version 229
[    0.977733] random: systemd-udevd: uninitialized urandom read (16 bytes read, 3 bits of entropy available)
[    0.978007] random: udevadm: uninitialized urandom read (16 bytes read, 3 bits of entropy available)
[    0.978029] random: udevadm: uninitialized urandom read (16 bytes read, 3 bits of entropy available)
[    0.983013] random: systemd-udevd: uninitialized urandom read (16 bytes read, 3 bits of entropy available)
[    0.983332] random: udevadm: uninitialized urandom read (16 bytes read, 3 bits of entropy available)
[    0.983370] random: udevadm: uninitialized urandom read (16 bytes read, 3 bits of entropy available)
[    0.983471] random: udevadm: uninitialized urandom read (16 bytes read, 3 bits of entropy available)
[    0.983511] random: udevadm: uninitialized urandom read (16 bytes read, 3 bits of entropy available)
[    0.983552] random: udevadm: uninitialized urandom read (16 bytes read, 3 bits of entropy available)
[    0.983592] random: udevadm: uninitialized urandom read (16 bytes read, 3 bits of entropy available)
[    1.027345] e1000: Intel(R) PRO/1000 Network Driver - version 7.3.21-k8-NAPI
[    1.029301] e1000: Copyright (c) 1999-2006 Intel Corporation.
[    1.034917] Fusion MPT base driver 3.04.20
[    1.036266] Copyright (c) 1999-2008 LSI Corporation
[    1.049063] AVX2 version of gcm_enc/dec engaged.
[    1.050401] AES CTR mode by8 optimization enabled
[    1.056701] Fusion MPT SPI Host driver 3.04.20
[    1.244904] input: ImExPS/2 Generic Explorer Mouse as /devices/platform/i8042/serio1/input/input4
[    1.421841] e1000 0000:00:03.0 eth0: (PCI:33MHz:32-bit) 02:bf:1c:77:ff:98
[    1.423277] e1000 0000:00:03.0 eth0: Intel(R) PRO/1000 Network Connection
[    1.425420] mptbase: ioc0: Initiating bringup
[    2.052119] ioc0: LSI53C1030 A0: Capabilities={Initiator}
[    3.944315] scsi host2: ioc0: LSI53C1030 A0, FwRev=00000000h, Ports=1, MaxQ=256, IRQ=20
[    5.363019] scsi 2:0:0:0: Direct-Access     VBOX     HARDDISK         1.0  PQ: 0 ANSI: 5
[    5.364893] scsi target2:0:0: Beginning Domain Validation
[    5.367611] scsi target2:0:0: Domain Validation skipping write tests
[    5.368868] scsi target2:0:0: Ending Domain Validation
[    5.369942] scsi target2:0:0: asynchronous
[    5.371174] scsi 2:0:1:0: Direct-Access     VBOX     HARDDISK         1.0  PQ: 0 ANSI: 5
[    5.372812] scsi target2:0:1: Beginning Domain Validation
[    5.374742] scsi target2:0:1: Domain Validation skipping write tests
[    5.375897] scsi target2:0:1: Ending Domain Validation
[    5.376898] scsi target2:0:1: asynchronous
[    5.382218] sd 2:0:0:0: Attached scsi generic sg0 type 0
[    5.390151] sd 2:0:0:0: [sda] 20971520 512-byte logical blocks: (10.7 GB/10.0 GiB)
[    5.392572] sd 2:0:1:0: [sdb] 20480 512-byte logical blocks: (10.5 MB/10.0 MiB)
[    5.394243] sd 2:0:0:0: [sda] Write Protect is off
[    5.395347] sd 2:0:0:0: [sda] Incomplete mode parameter data
[    5.396529] sd 2:0:0:0: [sda] Assuming drive cache: write through
[    5.397784] sd 2:0:1:0: [sdb] Write Protect is off
[    5.398862] sd 2:0:1:0: [sdb] Incomplete mode parameter data
[    5.400001] sd 2:0:1:0: [sdb] Assuming drive cache: write through
[    5.401422] sd 2:0:1:0: Attached scsi generic sg1 type 0
[    5.403832]  sda: sda1
[    5.408563] sd 2:0:0:0: [sda] Attached SCSI disk
[    5.409824] sd 2:0:1:0: [sdb] Attached SCSI disk
[    6.038660] e1000 0000:00:08.0 eth1: (PCI:33MHz:32-bit) 08:00:27:81:94:d8
[    6.040298] e1000 0000:00:08.0 eth1: Intel(R) PRO/1000 Network Connection
[    6.042722] e1000 0000:00:03.0 enp0s3: renamed from eth0
[    6.060501] e1000 0000:00:08.0 enp0s8: renamed from eth1
Begin: Loading essential drivers ... [    7.300236] md: linear personality registered for level -1
[    7.302857] md: multipath personality registered for level -4
[    7.305480] md: raid0 personality registered for level 0
[    7.308779] md: raid1 personality registered for level 1
[    7.380051] raid6: sse2x1   gen() 14682 MB/s
[    7.448301] raid6: sse2x1   xor() 10749 MB/s
[    7.516067] raid6: sse2x2   gen() 16289 MB/s
[    7.583870] raid6: sse2x2   xor() 11398 MB/s
[    7.651988] raid6: sse2x4   gen() 18855 MB/s
[    7.719968] raid6: sse2x4   xor() 12638 MB/s
[    7.788009] raid6: avx2x1   gen() 24952 MB/s
[    7.855951] raid6: avx2x2   gen() 32893 MB/s
[    7.923950] raid6: avx2x4   gen() 36183 MB/s
[    7.924748] raid6: using algorithm avx2x4 gen() 36183 MB/s
[    7.925756] raid6: using avx2x2 recovery algorithm
[    7.927395] xor: automatically using best checksumming function:
[    7.967929]    avx       : 28891.000 MB/sec
[    7.970166] async_tx: api initialized (async)
[    7.979489] md: raid6 personality registered for level 6
[    7.980669] md: raid5 personality registered for level 5
[    7.981799] md: raid4 personality registered for level 4
[    7.988479] md: raid10 personality registered for level 10
done.
Begin: Running /scripts/init-premount ... done.
Begin: Mounting root file system ... Begin: Running /scripts/local-top ... done.
Begin: Running /scripts/local-premount ... [    8.010949] Btrfs loaded
Scanning for Btrfs filesystems
done.
Warning: fsck not present, so skipping root file system
[    8.027373] EXT4-fs (sda1): mounted filesystem with ordered data mode. Opts: (null)
done.
Begin: Running /scripts/local-bottom ... done.
Begin: Running /scripts/init-bottom ... done.
[    8.070309] systemd[1]: systemd 229 running in system mode. (+PAM +AUDIT +SELINUX +IMA +APPARMOR +SMACK +SYSVINIT +UTMP +LIBCRYPTSETUP +GCRYPT +GNUTLS +ACL +XZ -LZ4 +SECCOMP +BLKID +ELFUTILS +KMOD -IDN)
[    8.073676] systemd[1]: Detected virtualization oracle.
[    8.074852] systemd[1]: Detected architecture x86-64.

Welcome to [1mUbuntu 16.04.6 LTS[0m!

[    8.077181] systemd[1]: Set hostname to <ubuntu>.
[    8.079827] systemd[1]: Initializing machine ID from random generator.
[    8.080974] systemd[1]: Installed transient /etc/machine-id file.
[    8.144666] systemd[1]: Created slice User and Session Slice.
[[0;32m  OK  [0m] Created slice User and Session Slice.
[    8.146669] systemd[1]: Reached target Swap.
[[0;32m  OK  [0m] Reached target Swap.
[    8.148251] systemd[1]: Started Trigger resolvconf update for networkd DNS.
[[0;32m  OK  [0m] Started Trigger resolvconf update for networkd DNS.
[    8.150423] systemd[1]: Listening on LVM2 metadata daemon socket.
[[0;32m  OK  [0m] Listening on LVM2 metadata daemon socket.
[    8.152562] systemd[1]: Set up automount Arbitrary Executable File Formats File System Automount Point.
[[0;32m  OK  [0m] Set up automount Arbitrary Executab...ats File System Automount Point.
[    8.155658] systemd[1]: Started Forward Password Requests to Wall Directory Watch.
[[0;32m  OK  [0m] Started Forward Password Requests to Wall Directory Watch.
[    8.158331] systemd[1]: Listening on Journal Socket (/dev/log).
[[0;32m  OK  [0m] Listening on Journal Socket (/dev/log).
[    8.160335] systemd[1]: Reached target Encrypted Volumes.
[[0;32m  OK  [0m] Reached target Encrypted Volumes.
[    8.162199] systemd[1]: Listening on Journal Socket.
[[0;32m  OK  [0m] Listening on Journal Socket.
[    8.163969] systemd[1]: Listening on Device-mapper event daemon FIFOs.
[[0;32m  OK  [0m] Listening on Device-mapper event daemon FIFOs.
[    8.166179] systemd[1]: Listening on udev Kernel Socket.
[[0;32m  OK  [0m] Listening on udev Kernel Socket.
[    8.168071] systemd[1]: Listening on Journal Audit Socket.
[[0;32m  OK  [0m] Listening on Journal Audit Socket.
[    8.169871] systemd[1]: Reached target System Time Synchronized.
[[0;32m  OK  [0m] Reached target System Time Synchronized.
[    8.171933] systemd[1]: Listening on udev Control Socket.
[[0;32m  OK  [0m] Listening on udev Control Socket.
[    8.173757] systemd[1]: Listening on /dev/initctl Compatibility Named Pipe.
[[0;32m  OK  [0m] Listening on /dev/initctl Compatibility Named Pipe.
[    8.176408] systemd[1]: Created slice System Slice.
[[0;32m  OK  [0m] Created slice System Slice.
[    8.188515] systemd[1]: Mounting POSIX Message Queue File System...
         Mounting POSIX Message Queue File System...
[    8.193131] systemd[1]: Starting Create list of required static device nodes for the current kernel...
         Starting Create list of required st... nodes for the current kernel...
[    8.196945] systemd[1]: Reached target Slices.
[[0;32m  OK  [0m] Reached target Slices.
[    8.199103] systemd[1]: Mounting Huge Pages File System...
         Mounting Huge Pages File System...
[    8.209380] systemd[1]: Created slice system-serial\x2dgetty.slice.
[[0;32m  OK  [0m] Created slice system-serial\x2dgetty.slice.
[    8.224501] systemd[1]: Starting Remount Root and Kernel File Systems...
         Starting Remount Root and Kernel File Systems...
[    8.227722] EXT4-fs (sda1): re-mounted. Opts: (null)
[    8.228275] systemd[1]: Starting Set console keymap...
         Starting Set console keymap...
[    8.231111] systemd[1]: Starting Monitoring of LVM2 mirrors, snapshots etc. using dmeventd or progress polling...
         Starting Monitoring of LVM2 mirrors... dmeventd or progress polling...
[    8.236328] systemd[1]: Starting Uncomplicated firewall...
         Starting Uncomplicated firewall...
[    8.239871] systemd[1]: Mounting Debug File System...
         Mounting Debug File System...
[    8.243949] systemd[1]: Listening on Syslog Socket.
[[0;32m  OK  [0m] Listening on Syslog Socket.
[    8.246156] systemd[1]: Starting Journal Service...
         Starting Journal Service...
[    8.248413] systemd[1]: Reached target User and Group Name Lookups.
[[0;32m  OK  [0m] Reached target User and Group Name Lookups.
[    8.251751] systemd[1]: Listening on LVM2 poll daemon socket.
[[0;32m  OK  [0m] Listening on LVM2 poll daemon socket.
[    8.254337] systemd[1]: Starting Nameserver information manager...
         Starting Nameserver information manager...
[    8.260759] systemd[1]: Starting Load Kernel Modules...
         Starting Load Kernel Modules...
[    8.264429] systemd[1]: Mounted Huge Pages File System.
[[0;32m  OK  [0m] Mounted Huge Pages File System.
[    8.266299] systemd[1]: Mounted POSIX Message Queue File System.
[    8.267546] Loading iSCSI transport class v2.0-870.
[[0;32m  OK  [0m] Mounted POSIX Message Queue File System.
[    8.269241] systemd[1]: Mounted Debug File System.
[[0;32m  OK  [0m] Mounted Debug File System.
[    8.274194] iscsi: registered transport (tcp)
[    8.275924] systemd[1]: Started Journal Service.
[[0;32m  OK  [0m] Started Journal Service.
[[0;32m  OK  [0m] Started Create list of required sta...ce nodes for the current kernel.
[    8.289763] iscsi: registered transport (iser)
[[0;32m  OK  [0m] Started Remount Root and Kernel File Systems.
[[0;32m  OK  [0m] Started Set console keymap.
[[0;32m  OK  [0m] Started Uncomplicated firewall.
[[0;32m  OK  [0m] Started Load Kernel Modules.
[[0;32m  OK  [0m] Started Nameserver information manager.
[[0;32m  OK  [0m] Started LVM2 metadata daemon.
         Starting Apply Kernel Variables...
         Mounting FUSE Control File System...
         Starting udev Coldplug all Devices...
         Starting Load/Save Random Seed...
         Starting Create Static Device Nodes in /dev...
         Starting Flush Journal to Persistent Storage...
[[0;32m  OK  [0m] Mounted FUSE Control File System.
[[0;32m  OK  [0m] Started Apply Kernel Variables.
[[0;32m  OK  [0m] Started Create Static Device Nodes in /dev.
[[0;32m  OK  [0m] Started Load/Save Random Seed.
         Starting udev Kernel Device Manager...
[[0;32m  OK  [0m] Started Flush Journal to Persistent Storage.
[[0;32m  OK  [0m] Started udev Kernel Device Manager.
[[0;32m  OK  [0m] Started udev Coldplug all Devices.
[[0;32m  OK  [0m] Started Dispatch Password Requests to Console Directory Watch.
[[0;32m  OK  [0m] Found device /dev/ttyS0.
[[0;32m  OK  [0m] Listening on Load/Save RF Kill Switch Status /dev/rfkill Watch.
[[0;32m  OK  [0m] Started Monitoring of LVM2 mirrors,...ng dmeventd or progress polling.
[[0;32m  OK  [0m] Reached target Local File Systems (Pre).
[[0;32m  OK  [0m] Reached target Local File Systems.
         Starting Create Volatile Files and Directories...
         Starting Commit a transient machine-id on disk...
         Starting Initial cloud-init job (pre-networking)...
         Starting Tell Plymouth To Write Out Runtime Data...
         Starting Set console font and keymap...
         Starting LSB: AppArmor initialization...
[[0;32m  OK  [0m] Started Create Volatile Files and Directories.
         Starting Update UTMP about System Boot/Shutdown...
[[0;32m  OK  [0m] Started Tell Plymouth To Write Out Runtime Data.
[[0;32m  OK  [0m] Started Update UTMP about System Boot/Shutdown.
[[0;32m  OK  [0m] Started Commit a transient machine-id on disk.
[[0;32m  OK  [0m] Started Set console font and keymap.
[[0;32m  OK  [0m] Created slice system-getty.slice.
[[0;32m  OK  [0m] Started LSB: AppArmor initialization.
[    9.386213] cloud-init[627]: Cloud-init v. 19.3-41-gc4735dd3-0ubuntu1~16.04.1 running 'init-local' at Mon, 15 Mar 2021 14:21:31 +0000. Up 9.16 seconds.
[[0;32m  OK  [0m] Started Initial cloud-init job (pre-networking).
[[0;32m  OK  [0m] Reached target Network (Pre).
         Starting Raise network interfaces...
[[0;32m  OK  [0m] Started Raise network interfaces.
         Starting Initial cloud-init job (metadata service crawler)...
[[0;32m  OK  [0m] Reached target Network.
[   10.046732] cloud-init[958]: Cloud-init v. 19.3-41-gc4735dd3-0ubuntu1~16.04.1 running 'init' at Mon, 15 Mar 2021 14:21:32 +0000. Up 9.77 seconds.
[   10.048459] cloud-init[958]: ci-info: ++++++++++++++++++++++++++++++++++++++Net device info+++++++++++++++++++++++++++++++++++++++
[   10.049943] cloud-init[958]: ci-info: +--------+-------+----------------------------+---------------+--------+-------------------+
[   10.051771] cloud-init[958]: ci-info: | Device |   Up  |          Address           |      Mask     | Scope  |     Hw-Address    |
[   10.052934] cloud-init[958]: ci-info: +--------+-------+----------------------------+---------------+--------+-------------------+
[   10.054786] cloud-init[958]: ci-info: | enp0s3 |  True |         10.0.2.15          | 255.255.255.0 | global | 02:bf:1c:77:ff:98 |
[   10.056666] cloud-init[958]: ci-info: | enp0s3 |  True | fe80::bf:1cff:fe77:ff98/64 |       .       |  link  | 02:bf:1c:77:ff:98 |
[   10.064376] cloud-init[958]: ci-info: | enp0s8 | False |             .              |       .       |   .    | 08:00:27:81:94:d8 |
[   10.065767] cloud-init[958]: ci-info: |   lo   |  True |         127.0.0.1          |   255.0.0.0   |  host  |         .         |
[   10.067287] cloud-init[958]: ci-info: |   lo   |  True |          ::1/128           |       .       |  host  |         .         |
[   10.068907] cloud-init[958]: ci-info: +--------+-------+----------------------------+---------------+--------+-------------------+
[[0;32m  OK  [0m] Started Initial cloud-init job (metadata service crawler).
[[0;32m  OK  [0m] Reached target System Initialization.
[   10.082630] cloud-init[958]: ci-info: +++++++++++++++++++++++++++Route IPv4 info++++++++++++++++++++++++++++
[   10.256173] cloud-init[958]: ci-info: +-------+-------------+----------+---------------+-----------+-------+
[   10.257456] cloud-init[958]: ci-info: | Route | Destination | Gateway  |    Genmask    | Interface | Flags |
[   10.281675] cloud-init[958]: ci-info: +-------+-------------+----------+---------------+-----------+-------+
[[0;32m  OK  [0m] Started ACPI Events Check.
[[0;32m  OK  [0m] Reached target Paths.
[   10.285639] cloud-init[958]: ci-info: |   0   |   0.0.0.0   | 10.0.2.2 |    0.0.0.0    |   enp0s3  |   UG  |
[   10.421396] cloud-init[958]: ci-info: |   1   |   10.0.2.0  | 0.0.0.0  | 255.255.255.0 |   enp0s3  |   U   |
[   10.421586] cloud-init[958]: ci-info: +-------+-------------+----------+---------------+-----------+-------+
         Starting Socket activation for snappy daemon.
[[   10.421625] cloud-init[958]: ci-info: +++++++++++++++++++Route IPv6 info+++++++++++++++++++
[   10.424067] cloud-init[958]: ci-info: +-------+-------------+---------+-----------+-------+
[   10.424553] cloud-init[958]: ci-info: | Route | Destination | Gateway | Interface | Flags |
[   10.425051] cloud-init[958]: ci-info: +-------+-------------+---------+-----------+-------+
[   10.425551] cloud-init[958]: ci-info: |   0   |  fe80::/64  |    ::   |   enp0s3  |   U   |
[   10.425824] cloud-init[958]: ci-info: |   3   |   ff00::/8  |    ::   |   enp0s3  |   U   |
[0;32m  OK  [0m] Listening on ACPID Listen Socket.
[[   10.426113] cloud-init[958]: ci-info: +-------+-------------+---------+-----------+-------+
[   10.430159] cloud-init[958]: Generating public/private rsa key pair.
[   10.430658] cloud-init[958]: Your identification has been saved in /etc/ssh/ssh_host_rsa_key.
[   10.431205] cloud-init[958]: Your public key has been saved in /etc/ssh/ssh_host_rsa_key.pub.
[   10.431701] cloud-init[958]: The key fingerprint is:
[   10.432359] cloud-init[958]: SHA256:ex3NLn4YRbAR4b45zov+IHLZUIG109pMNUbumkryQmY root@ubuntu-xenial
[   10.432406] cloud-init[958]: The key's randomart image is:
[   10.432643] cloud-init[958]: +---[RSA 2048]----+
[   10.433158] cloud-init[958]: |         oo ===  |
[0;32m  OK  [0m] Listening on UUID daemon activation socket.
[   10.433424] cloud-init[958]: |        .  = *.. |
[   10.437902] cloud-init[958]: |          + =..  |
[   10.438407] cloud-init[958]: |         . B +.  |
[   10.438911] cloud-init[958]: |        S . =.+  |
[   10.439413] cloud-init[958]: |        E= ..B   |
[   10.439879] cloud-init[958]: |      .+* = Oo.  |
[   10.440391] cloud-init[958]: |       o.* B.o.  |
[   10.440898] cloud-init[958]: |         o=.*o   |
[   10.441376] cloud-init[958]: +----[SHA256]-----+
[   10.441876] cloud-init[958]: Generating public/private dsa key pair.
[   10.442381] cloud-init[958]: Your identification has been saved in /etc/ssh/ssh_host_dsa_key.
[   10.442888] cloud-init[958]: Your public key has been saved in /etc/ssh/ssh_host_dsa_key.pub.
[   10.443393] cloud-init[958]: The key fingerprint is:
[   10.443742] cloud-init[958]: SHA256:mG104gEHCE3fku/sDp6DrvuqTMI1JEI7qUnkWQ34XFw root@ubuntu-xenial
[   10.444057] cloud-init[958]: The key's randomart image is:
[   10.444265] cloud-init[958]: +---[DSA 1024]----+
[   10.444741] cloud-init[958]: | oo*=.+E.        |
[[0;32m  OK  [0m] Started Daily Cleanup of Temporary Directories.
[[   10.444771] cloud-init[958]: |+.= o= =         |
[   10.449016] cloud-init[958]: |.Oo.. + = .      |
[   10.449517] cloud-init[958]: |+.+o   O +       |
[   10.450023] cloud-init[958]: |o  o  o S        |
[   10.450524] cloud-init[958]: |. . .  +         |
[   10.451027] cloud-init[958]: |.o   .. o        |
[   10.451538] cloud-init[958]: |+   ...+         |
[   10.452386] cloud-init[958]: |.o+*o ooo        |
[   10.452887] cloud-init[958]: +----[SHA256]-----+
[   10.453387] cloud-init[958]: Generating public/private ecdsa key pair.
[   10.453888] cloud-init[958]: Your identification has been saved in /etc/ssh/ssh_host_ecdsa_key.
[   10.454388] cloud-init[958]: Your public key has been saved in /etc/ssh/ssh_host_ecdsa_key.pub.
[   10.454887] cloud-init[958]: The key fingerprint is:
[   10.455221] cloud-init[958]: SHA256:6s4HzdDBJw0twPgIUAvAE1M5fmpMu8EfBXbIvKl87nw root@ubuntu-xenial
[0;32m  OK  [0m] Started Daily apt download activities.
[[   10.455475] [0;32m  OK  [0mcloud-init] [958]: Listening on D-Bus System Message Bus Socket.The key's randomart image is:

[   10.461228] cloud-init[958]: +---[ECDSA 256]---+
[   10.461418] cloud-init[958]: |*=+.+ooo.+       |
         Starting LXD - unix socket.
[[   10.461459] cloud-init[958]: | +o+.*..= +      |
[   10.463037] cloud-init[958]: |  +.oo=. =       |
[   10.463532] cloud-init[958]: |   o.+o..        |
[   10.464375] cloud-init[958]: |  = = .+S        |
[   10.464702] cloud-init[958]: |   X o..o        |
[   10.465205] cloud-init[958]: |  . * o.         |
[   10.465702] cloud-init[958]: |   ..= E.        |
[   10.466188] cloud-init[958]: |    .+=.         |
[   10.466694] cloud-init[958]: +----[SHA256]-----+
[   10.466919] cloud-init[958]: Generating public/private ed25519 key pair.
[0;32m  OK  [0m] Started Message of the Day.
[   10.466969] cloud-init[958]: Your identification has been saved in /etc/ssh/ssh_host_ed25519_key.
[   10.468867] [cloud-init[0;32m  OK  [0m[958]: ] Your public key has been saved in /etc/ssh/ssh_host_ed25519_key.pub.Started Daily apt upgrade and clean activities.

[   10.468902] cloud-init[958]: The key fingerprint is:
[   10.471476] cloud-init[958]: SHA256:rb3XItd8+Qgf8BFMqVWg24LkNWQMb5AcFPDaCsovXoo root@ubuntu-xenial
[[0;32m  OK  [0m] Reached target Timers.
[[   10.471859] cloud-init[958]: The key's randomart image is:
[   10.473828] cloud-init[958]: +--[ED25519 256]--+
[   10.474337] cloud-init[958]: |        .+**o o+.|
[   10.474837] cloud-init[958]: |         .o=.+o  |
[   10.475455] cloud-init[958]: |          o *oo  |
[   10.475846] cloud-init[958]: |         * +.+ . |
[   10.476885] cloud-init[958]: |      . S = + o  |
[   10.477379] cloud-init[958]: |   . . . +   + . |
[   10.477880] cloud-init[958]: |    o . o . .+o .|
[   10.478404] cloud-init[958]: |   ..+    ..+o++.|
[   10.478889] cloud-init[958]: |  E.o..   .+ .o.o|
[   10.479389] cloud-init[958]: +----[SHA256]-----+
[0;32m  OK  [0m] Reached target Cloud-config availability.
[[0;32m  OK  [0m] Reached target Network is Online.
         Starting iSCSI initiator daemon (iscsid)...
[[0;32m  OK  [0m] Listening on Socket activation for snappy daemon.
[[0;32m  OK  [0m] Listening on LXD - unix socket.
[[0;32m  OK  [0m] Reached target Sockets.
[[0;32m  OK  [0m] Reached target Basic System.
[[0;32m  OK  [0m] Started ACPI event daemon.
         Starting Accounts Service...
         Starting Virtualbox guest utils...
[[0;32m  OK  [0m] Started FUSE filesystem for LXC.
         Starting LSB: Record successful boot for GRUB...
         Starting LXD - container startup/shutdown...
         Starting System Logging Service...
[[0;32m  OK  [0m] Started D-Bus System Message Bus.
         Starting LSB: MD monitoring daemon...
         Starting Snappy daemon...
         Starting /etc/rc.local Compatibility...
         Starting Login Service...
[[0;32m  OK  [0m] Started Deferred execution scheduler.
         Starting Pollinate to seed the pseudo random number generator...
[[0;32m  OK  [0m] Started Regular background program processing daemon.
[[0;32m  OK  [0m] Started System Logging Service.
[[0;32m  OK  [0m] Started /etc/rc.local Compatibility.
[[0;32m  OK  [0m] Started iSCSI initiator daemon (iscsid).
         Starting Authenticate and Authorize Users to Run Privileged Tasks...
         Starting Login to default iSCSI targets...
[[0;32m  OK  [0m] Started LSB: Record successful boot for GRUB.
[[0;32m  OK  [0m] Started LXD - container startup/shutdown.
[[0;32m  OK  [0m] Started LSB: MD monitoring daemon.
[[0;32m  OK  [0m] Started Login Service.
[[0;32m  OK  [0m] Started Unattended Upgrades Shutdown.
[[0;32m  OK  [0m] Started Authenticate and Authorize Users to Run Privileged Tasks.
[[0;32m  OK  [0m] Started Accounts Service.
[[0;32m  OK  [0m] Started Login to default iSCSI targets.
[[0;32m  OK  [0m] Reached target Remote File Systems (Pre).
[[0;32m  OK  [0m] Reached target Remote File Systems.
         Starting Permit User Sessions...
         Starting LSB: automatic crash report generation...
         Starting LSB: Set the CPU Frequency Scaling governor to "ondemand"...
         Starting LSB: daemon to balance interrupts for SMP systems...
[[0;32m  OK  [0m] Started Virtualbox guest utils.
[[0;32m  OK  [0m] Started Permit User Sessions.
         Starting Hold until boot process finishes up...
         Starting Terminate Plymouth Boot Screen...
[[0;32m  OK  [0m] Started Hold until boot process finishes up.
[[0;32m  OK  [0m] Started Serial Getty on ttyS0.
         Starting Set console scheme...
[[0;32m  OK  [0m] Started Getty on tty1.
[[0;32m  OK  [0m] Reached target Login Prompts.
[[0;32m  OK  [0m] Started LSB: automatic crash report generation.
[[0;32m  OK  [0m] Started LSB: Set the CPU Frequency Scaling governor to "ondemand".
[[0;32m  OK  [0m] Started LSB: daemon to balance interrupts for SMP systems.
[[0;32m  OK  [0m] Started Terminate Plymouth Boot Screen.
[[0;32m  OK  [0m] Started Set console scheme.
[[0;32m  OK  [0m] Started Snappy daemon.
         Starting Wait until snapd is fully seeded...
[[0;32m  OK  [0m] Started Pollinate to seed the pseudo random number generator.
         Starting OpenBSD Secure Shell server...
[[0;32m  OK  [0m] Started OpenBSD Secure Shell server.
[[0;32m  OK  [0m] Created slice User Slice of vagrant.
         Starting User Manager for UID 1000...
[[0;32m  OK  [0m] Started Session 1 of user vagrant.
[[0;32m  OK  [0m] Started User Manager for UID 1000.
         Starting Hostname Service...
[[0;32m  OK  [0m] Started Hostname Service.
[[0;32m  OK  [0m] Started Wait until snapd is fully seeded.
         Starting Apply the settings specified in cloud-config...
[[0;32m  OK  [0m] Reached target Multi-User System.
[[0;32m  OK  [0m] Reached target Graphical Interface.
         Starting Update UTMP about System Runlevel Changes...
[[0;32m  OK  [0m] Started Update UTMP about System Runlevel Changes.
[[0;32m  OK  [0m] Stopped ifup for enp0s3.
[[0;32m  OK  [0m] Started ifup for enp0s3.
[[0;32m  OK  [0m] Stopped ifup for enp0s8.
[[0;32m  OK  [0m] Started ifup for enp0s8.
[   13.106834] cloud-init[1515]: Generating locales (this might take a while)...
[   13.651176] cloud-init[1515]:   en_US.UTF-8... done
[   13.652318] cloud-init[1515]: Generation complete.
[   13.838833] cloud-init[1515]: Cloud-init v. 19.3-41-gc4735dd3-0ubuntu1~16.04.1 running 'modules:config' at Mon, 15 Mar 2021 14:21:35 +0000. Up 13.04 seconds.
[[0;32m  OK  [0m] Started Apply the settings specified in cloud-config.
         Starting Execute cloud user/final scripts...
ci-info: no authorized ssh keys fingerprints found for user ubuntu.
<14>Mar 15 14:21:36 ec2: 
<14>Mar 15 14:21:36 ec2: #############################################################
<14>Mar 15 14:21:36 ec2: -----BEGIN SSH HOST KEY FINGERPRINTS-----
<14>Mar 15 14:21:36 ec2: 1024 SHA256:mG104gEHCE3fku/sDp6DrvuqTMI1JEI7qUnkWQ34XFw root@ubuntu-xenial (DSA)
<14>Mar 15 14:21:36 ec2: 256 SHA256:6s4HzdDBJw0twPgIUAvAE1M5fmpMu8EfBXbIvKl87nw root@ubuntu-xenial (ECDSA)
<14>Mar 15 14:21:36 ec2: 256 SHA256:rb3XItd8+Qgf8BFMqVWg24LkNWQMb5AcFPDaCsovXoo root@ubuntu-xenial (ED25519)
<14>Mar 15 14:21:36 ec2: 2048 SHA256:ex3NLn4YRbAR4b45zov+IHLZUIG109pMNUbumkryQmY root@ubuntu-xenial (RSA)
<14>Mar 15 14:21:36 ec2: -----END SSH HOST KEY FINGERPRINTS-----
<14>Mar 15 14:21:36 ec2: #############################################################
-----BEGIN SSH HOST KEY KEYS-----
ecdsa-sha2-nistp256 AAAAE2VjZHNhLXNoYTItbmlzdHAyNTYAAAAIbmlzdHAyNTYAAABBBOhwRDv7ykuH2p3MEr+2gEUBP/YQy/WTwi11PPN8IhuPI6w/C/TyFCqPDKbg63EpnLko9f1zk8KC608hB2sr0V8= root@ubuntu-xenial
ssh-ed25519 AAAAC3NzaC1lZDI1NTE5AAAAIBosQmgA7fxCb3RbssWGtwPEW3aHoFVWpq0rLh5mbpmD root@ubuntu-xenial
ssh-rsa AAAAB3NzaC1yc2EAAAADAQABAAABAQCcR/3Dg9sWe8NXjkIH7gmIVnSKhRidED1xKigF3eJmtx775J8gyoq+zcs+dSqqElTPfYA4dEGsvNBDtCiBTwpCtV/Js+XGzeWX0roPbPX2KZXP/iv0Pm5chPIiDBspbL5hHrL0FbCCXDVN4X0sfN8fFW7SsjP3CUxgSE/CtNIWsWXVcsb3cuFXtTF71YKoK22aMb4V/Zv/eR4SD4QmOaXGNq+p0mElAzuy9jrUNZRiSjsirZPsXpcvGlHWCbQ5P/uAIl3WD3YAJxKEnOZho4I5Sskh1oDQvIuWAeDNSBl4DNKWskOWqLPHZ2rmUHHNMsMpIaZQtiSwKqN86o7e8Q9n root@ubuntu-xenial
-----END SSH HOST KEY KEYS-----
[   14.160027] cloud-init[1875]: Cloud-init v. 19.3-41-gc4735dd3-0ubuntu1~16.04.1 running 'modules:final' at Mon, 15 Mar 2021 14:21:36 +0000. Up 14.06 seconds.
[   14.161937] cloud-init[1875]: ci-info: no authorized ssh keys fingerprints found for user ubuntu.
[   14.168369] cloud-init[1875]: Cloud-init v. 19.3-41-gc4735dd3-0ubuntu1~16.04.1 finished at Mon, 15 Mar 2021 14:21:36 +0000. Datasource DataSourceNoCloud [seed=/dev/sdb][dsmode=net].  Up 14.15 seconds
[[0;32m  OK  [0m] Started Execute cloud user/final scripts.
[[0;32m  OK  [0m] Reached target Cloud-init target.

Ubuntu 16.04.6 LTS rabbitmq3 ttyS0

rabbitmq3 login: 